GSDBG KSC_ILS_27L thr(0.042795,-74.510267) alt 74.3 hdg 90 ang 3 end(0.042581,-68.780687) end_alt 3218.8 ship_ax 29020.2
GSDBG KSC_ILS_27L thr(0.042795,-74.510267) alt 74.3 hdg 90 ang 3 end(0.042581,-68.780687) end_alt 3218.8 ship_ax 28917.3
GSDBG KSC_ILS_27L thr(0.042795,-74.510267) alt 74.3 hdg 90 ang 3 end(0.042581,-68.780687) end_alt 3218.8 ship_ax 28822.9
GSDBG KSC_ILS_27L thr(0.042795,-74.510267) alt 74.3 hdg 90 ang 3 end(0.042581,-68.780687) end_alt 3218.8 ship_ax 28721
GSDBG KSC_ILS_27L thr(0.042795,-74.510267) alt 74.3 hdg 90 ang 3 end(0.042581,-68.780687) end_alt 3218.8 ship_ax 28624.5
GSDBG KSC_ILS_27L thr(0.042795,-74.510267) alt 74.3 hdg 90 ang 3 end(0.042581,-68.780687) end_alt 3218.8 ship_ax 28535.1
GSDBG KSC_ILS_27L thr(0.042795,-74.510267) alt 74.3 hdg 90 ang 3 end(0.042581,-68.780687) end_alt 3218.8 ship_ax 28442.2
GSDBG KSC_ILS_27L thr(0.042795,-74.510267) alt 74.3 hdg 90 ang 3 end(0.042581,-68.780687) end_alt 3218.8 ship_ax 28356.3
GSDBG KSC_ILS_27L thr(0.042795,-74.510267) alt 74.3 hdg 90 ang 3 end(0.042581,-68.780687) end_alt 3218.8 ship_ax 28267.3
GSDBG KSC_ILS_27L thr(0.042795,-74.510267) alt 74.3 hdg 90 ang 3 end(0.042581,-68.780687) end_alt 3218.8 ship_ax 28185
GSDBG KSC_ILS_27L thr(0.042795,-74.510267) alt 74.3 hdg 90 ang 3 end(0.042581,-68.780687) end_alt 3218.8 ship_ax 28099.8
GSDBG KSC_ILS_27L thr(0.042795,-74.510267) alt 74.3 hdg 90 ang 3 end(0.042581,-68.780687) end_alt 3218.8 ship_ax 28021.2
GSDBG KSC_ILS_27L thr(0.042795,-74.510267) alt 74.3 hdg 90 ang 3 end(0.042581,-68.780687) end_alt 3218.8 ship_ax 27940
GSDBG KSC_ILS_27L thr(0.042795,-74.510267) alt 74.3 hdg 90 ang 3 end(0.042581,-68.780687) end_alt 3218.8 ship_ax 27864.8
GSDBG KSC_ILS_27L thr(0.042795,-74.510267) alt 74.3 hdg 90 ang 3 end(0.042581,-68.780687) end_alt 3218.8 ship_ax 27786.8
GSDBG KSC_ILS_27L thr(0.042795,-74.510267) alt 74.3 hdg 90 ang 3 end(0.042581,-68.780687) end_alt 3218.8 ship_ax 27714.5
GSDBG KSC_ILS_27L thr(0.042795,-74.510267) alt 74.3 hdg 90 ang 3 end(0.042581,-68.780687) end_alt 3218.8 ship_ax 27639.9
GSDBG KSC_ILS_27L thr(0.042795,-74.510267) alt 74.3 hdg 90 ang 3 end(0.042581,-68.780687) end_alt 3218.8 ship_ax 27574.5
GSDBG KSC_ILS_27L thr(0.042795,-74.510267) alt 74.3 hdg 90 ang 3 end(0.042581,-68.780687) end_alt 3218.8 ship_ax 27510.8
GSDBG KSC_ILS_27L thr(0.042795,-74.510267) alt 74.3 hdg 90 ang 3 end(0.042581,-68.780687) end_alt 3218.8 ship_ax 27454.3
GSDBG KSC_ILS_27L thr(0.042795,-74.510267) alt 74.3 hdg 90 ang 3 end(0.042581,-68.780687) end_alt 3218.8 ship_ax 27399.8
GSDBG KSC_ILS_27L thr(0.042795,-74.510267) alt 74.3 hdg 90 ang 3 end(0.042581,-68.780687) end_alt 3218.8 ship_ax 27353.8
